  [1m[36m (505.2ms)[0m  [1mCREATE TABLE `schema_migrations` (`version` varchar(255) NOT NULL) ENGINE=InnoDB[0m
  [1m[35m (460.0ms)[0m  CREATE UNIQUE INDEX `unique_schema_migrations`  ON `schema_migrations` (`version`) 
  [1m[36mActiveRecord::SchemaMigration Load (0.8ms)[0m  [1mSELECT `schema_migrations`.* FROM `schema_migrations`[0m
Migrating to CreatePosts (20141221054329)
  [1m[35m (351.3ms)[0m  CREATE TABLE `posts` (`id` int(11) auto_increment PRIMARY KEY, `title` varchar(255), `content` text, `user_id` int(11), `category_id` int(11), `created_at` datetime, `updated_at` datetime) ENGINE=InnoDB
  [1m[36m (0.2ms)[0m  [1mBEGIN[0m
  [1m[35mSQL (2.0ms)[0m  INSERT INTO `schema_migrations` (`version`) VALUES ('20141221054329')
  [1m[36m (48.7ms)[0m  [1mCOMMIT[0m
Migrating to CreateFriendlyIdSlugs (20141221054728)
  [1m[35m (361.0ms)[0m  CREATE TABLE `friendly_id_slugs` (`id` int(11) auto_increment PRIMARY KEY, `slug` varchar(255) NOT NULL, `sluggable_id` int(11) NOT NULL, `sluggable_type` varchar(50), `scope` varchar(255), `created_at` datetime) ENGINE=InnoDB
  [1m[36m (262.9ms)[0m  [1mCREATE  INDEX `index_friendly_id_slugs_on_sluggable_id`  ON `friendly_id_slugs` (`sluggable_id`) [0m
  [1m[35m (252.0ms)[0m  CREATE  INDEX `index_friendly_id_slugs_on_slug_and_sluggable_type`  ON `friendly_id_slugs` (`slug`, `sluggable_type`) 
  [1m[36m (250.2ms)[0m  [1mCREATE UNIQUE INDEX `index_friendly_id_slugs_on_slug_and_sluggable_type_and_scope`  ON `friendly_id_slugs` (`slug`, `sluggable_type`, `scope`) [0m
  [1m[35m (241.0ms)[0m  CREATE  INDEX `index_friendly_id_slugs_on_sluggable_type`  ON `friendly_id_slugs` (`sluggable_type`) 
  [1m[36m (0.4ms)[0m  [1mBEGIN[0m
  [1m[35mSQL (28.9ms)[0m  INSERT INTO `schema_migrations` (`version`) VALUES ('20141221054728')
  [1m[36m (32.6ms)[0m  [1mCOMMIT[0m
Migrating to AddSlugToPost (20141221054753)
  [1m[35m (381.9ms)[0m  ALTER TABLE `posts` ADD `slug` varchar(255)
  [1m[36m (272.7ms)[0m  [1mCREATE UNIQUE INDEX `index_posts_on_slug`  ON `posts` (`slug`) [0m
  [1m[35m (0.3ms)[0m  BEGIN
  [1m[36mSQL (0.5ms)[0m  [1mINSERT INTO `schema_migrations` (`version`) VALUES ('20141221054753')[0m
  [1m[35m (16.4ms)[0m  COMMIT
Migrating to DeviseCreateUsers (20141221224246)
  [1m[36m (292.9ms)[0m  [1mCREATE TABLE `users` (`id` int(11) auto_increment PRIMARY KEY, `email` varchar(255) DEFAULT '' NOT NULL, `encrypted_password` varchar(255) DEFAULT '' NOT NULL, `reset_password_token` varchar(255), `reset_password_sent_at` datetime, `remember_created_at` datetime, `sign_in_count` int(11) DEFAULT 0 NOT NULL, `current_sign_in_at` datetime, `last_sign_in_at` datetime, `current_sign_in_ip` varchar(255), `last_sign_in_ip` varchar(255), `created_at` datetime, `updated_at` datetime) ENGINE=InnoDB[0m
  [1m[35m (208.9ms)[0m  CREATE UNIQUE INDEX `index_users_on_email`  ON `users` (`email`) 
  [1m[36m (195.9ms)[0m  [1mCREATE UNIQUE INDEX `index_users_on_reset_password_token`  ON `users` (`reset_password_token`) [0m
  [1m[35m (0.5ms)[0m  BEGIN
  [1m[36mSQL (0.6ms)[0m  [1mINSERT INTO `schema_migrations` (`version`) VALUES ('20141221224246')[0m
  [1m[35m (26.6ms)[0m  COMMIT
  [1m[36mActiveRecord::SchemaMigration Load (0.5ms)[0m  [1mSELECT `schema_migrations`.* FROM `schema_migrations`[0m


Started GET "/admin" for 127.0.0.1 at 2014-12-22 05:47:05 +0700
  [1m[36mActiveRecord::SchemaMigration Load (0.3ms)[0m  [1mSELECT `schema_migrations`.* FROM `schema_migrations`[0m

ActionController::RoutingError (No route matches [GET] "/admin"):
  actionpack (4.1.0) lib/action_dispatch/middleware/debug_exceptions.rb:21:in `call'
  actionpack (4.1.0) lib/action_dispatch/middleware/show_exceptions.rb:30:in `call'
  railties (4.1.0) lib/rails/rack/logger.rb:38:in `call_app'
  railties (4.1.0) lib/rails/rack/logger.rb:20:in `block in call'
  activesupport (4.1.0) lib/active_support/tagged_logging.rb:68:in `block in tagged'
  activesupport (4.1.0) lib/active_support/tagged_logging.rb:26:in `tagged'
  activesupport (4.1.0) lib/active_support/tagged_logging.rb:68:in `tagged'
  railties (4.1.0) lib/rails/rack/logger.rb:20:in `call'
  actionpack (4.1.0) lib/action_dispatch/middleware/request_id.rb:21:in `call'
  rack (1.5.2) lib/rack/methodoverride.rb:21:in `call'
  rack (1.5.2) lib/rack/runtime.rb:17:in `call'
  activesupport (4.1.0) lib/active_support/cache/strategy/local_cache_middleware.rb:26:in `call'
  rack (1.5.2) lib/rack/lock.rb:17:in `call'
  actionpack (4.1.0) lib/action_dispatch/middleware/static.rb:64:in `call'
  rack (1.5.2) lib/rack/sendfile.rb:112:in `call'
  railties (4.1.0) lib/rails/engine.rb:514:in `call'
  railties (4.1.0) lib/rails/application.rb:144:in `call'
  rack (1.5.2) lib/rack/lock.rb:17:in `call'
  rack (1.5.2) lib/rack/content_length.rb:14:in `call'
  rack (1.5.2) lib/rack/handler/webrick.rb:60:in `service'
  /home/kristian/.rvm/rubies/ruby-2.0.0-p247/lib/ruby/2.0.0/webrick/httpserver.rb:138:in `service'
  /home/kristian/.rvm/rubies/ruby-2.0.0-p247/lib/ruby/2.0.0/webrick/httpserver.rb:94:in `run'
  /home/kristian/.rvm/rubies/ruby-2.0.0-p247/lib/ruby/2.0.0/webrick/server.rb:295:in `block in start_thread'


  Rendered /home/kristian/.rvm/gems/ruby-2.0.0-p247/gems/actionpack-4.1.0/lib/action_dispatch/middleware/templates/rescues/_trace.html.erb (2.2ms)
  Rendered /home/kristian/.rvm/gems/ruby-2.0.0-p247/gems/actionpack-4.1.0/lib/action_dispatch/middleware/templates/routes/_route.html.erb (3.6ms)
  Rendered /home/kristian/.rvm/gems/ruby-2.0.0-p247/gems/actionpack-4.1.0/lib/action_dispatch/middleware/templates/routes/_table.html.erb (95.0ms)
  Rendered /home/kristian/.rvm/gems/ruby-2.0.0-p247/gems/actionpack-4.1.0/lib/action_dispatch/middleware/templates/rescues/routing_error.html.erb within rescues/layout (162.8ms)


Started GET "/admin" for 127.0.0.1 at 2014-12-22 05:50:52 +0700
  [1m[36mActiveRecord::SchemaMigration Load (0.3ms)[0m  [1mSELECT `schema_migrations`.* FROM `schema_migrations`[0m
Processing by Admin::PostsController#index as HTML
Completed 401 Unauthorized in 70ms


Started GET "/users/sign_in" for 127.0.0.1 at 2014-12-22 05:50:52 +0700
Processing by Devise::SessionsController#new as HTML
  Rendered /home/kristian/.rvm/gems/ruby-2.0.0-p247/gems/devise-3.4.1/app/views/devise/shared/_links.html.erb (2.9ms)
  Rendered /home/kristian/.rvm/gems/ruby-2.0.0-p247/gems/devise-3.4.1/app/views/devise/sessions/new.html.erb within layouts/application (63.3ms)
Completed 200 OK in 3134ms (Views: 3058.7ms | ActiveRecord: 2.5ms)


Started GET "/assets/admin/application.css?body=1" for 127.0.0.1 at 2014-12-22 05:50:56 +0700


Started GET "/assets/admin/posts.css?body=1" for 127.0.0.1 at 2014-12-22 05:50:56 +0700


Started GET "/assets/twitter-bootstrap-static/bootstrap.css?body=1" for 127.0.0.1 at 2014-12-22 05:50:56 +0700


Started GET "/assets/twitter-bootstrap-static/fontawesome.css?body=1" for 127.0.0.1 at 2014-12-22 05:50:56 +0700


Started GET "/assets/jquery.js?body=1" for 127.0.0.1 at 2014-12-22 05:50:56 +0700


Started GET "/assets/bootstrap_and_overrides.css?body=1" for 127.0.0.1 at 2014-12-22 05:50:56 +0700


Started GET "/assets/application.css?body=1" for 127.0.0.1 at 2014-12-22 05:50:56 +0700


Started GET "/assets/jquery_ujs.js?body=1" for 127.0.0.1 at 2014-12-22 05:50:56 +0700


Started GET "/assets/twitter/bootstrap/transition.js?body=1" for 127.0.0.1 at 2014-12-22 05:50:56 +0700


Started GET "/assets/twitter/bootstrap/alert.js?body=1" for 127.0.0.1 at 2014-12-22 05:50:56 +0700


Started GET "/assets/twitter/bootstrap/modal.js?body=1" for 127.0.0.1 at 2014-12-22 05:50:56 +0700


Started GET "/assets/twitter/bootstrap/dropdown.js?body=1" for 127.0.0.1 at 2014-12-22 05:50:56 +0700


Started GET "/assets/twitter/bootstrap/scrollspy.js?body=1" for 127.0.0.1 at 2014-12-22 05:50:56 +0700


Started GET "/assets/twitter/bootstrap/tab.js?body=1" for 127.0.0.1 at 2014-12-22 05:50:56 +0700


Started GET "/assets/twitter/bootstrap/tooltip.js?body=1" for 127.0.0.1 at 2014-12-22 05:50:56 +0700


Started GET "/assets/twitter/bootstrap/popover.js?body=1" for 127.0.0.1 at 2014-12-22 05:50:56 +0700


Started GET "/assets/twitter/bootstrap/button.js?body=1" for 127.0.0.1 at 2014-12-22 05:50:56 +0700


Started GET "/assets/twitter/bootstrap/collapse.js?body=1" for 127.0.0.1 at 2014-12-22 05:50:56 +0700


Started GET "/assets/twitter/bootstrap/carousel.js?body=1" for 127.0.0.1 at 2014-12-22 05:50:56 +0700


Started GET "/assets/twitter/bootstrap/affix.js?body=1" for 127.0.0.1 at 2014-12-22 05:50:56 +0700


Started GET "/assets/twitter/bootstrap.js?body=1" for 127.0.0.1 at 2014-12-22 05:50:56 +0700


Started GET "/assets/turbolinks.js?body=1" for 127.0.0.1 at 2014-12-22 05:50:56 +0700


Started GET "/assets/admin/application.js?body=1" for 127.0.0.1 at 2014-12-22 05:50:56 +0700


Started GET "/assets/admin/posts.js?body=1" for 127.0.0.1 at 2014-12-22 05:50:56 +0700


Started GET "/assets/bootstrap.js?body=1" for 127.0.0.1 at 2014-12-22 05:50:56 +0700


Started GET "/assets/application.js?body=1" for 127.0.0.1 at 2014-12-22 05:50:56 +0700
